Using pre-set license
Built from '2020.3/staging' branch; Version is '2020.3.11f1 (99c7afb366b3) revision 10078127'; Using compiler version '192528614'; Build Type 'Release'
OS: 'Windows 10 Pro; OS build 19044.1826; Version 2009; 64bit' Language: 'ru' Physical Memory: 16257 MB
BatchMode: 1, IsHumanControllingUs: 0, StartBugReporterOnCrash: 0, Is64bit: 1, IsPro: 0

 COMMAND LINE ARGUMENTS:
C:\Program Files\Unity\Hub\Editor\2020.3.11f1\Editor\Unity.exe
-adb2
-batchMode
-noUpm
-name
AssetImportWorker0
-projectPath
D:/Unity Project/Boxes
-logFile
Logs/AssetImportWorker0.log
-srvPort
62065
Successfully changed project path to: D:/Unity Project/Boxes
D:/Unity Project/Boxes
Using Asset Import Pipeline V2.
Refreshing native plugins compatible for Editor in 36.98 ms, found 3 plugins.
Preloading 0 native plugins for Editor in 0.00 ms.
Initialize engine version: 2020.3.11f1 (99c7afb366b3)
[Subsystems] Discovering subsystems at path C:/Program Files/Unity/Hub/Editor/2020.3.11f1/Editor/Data/Resources/UnitySubsystems
[Subsystems] Discovering subsystems at path D:/Unity Project/Boxes/Assets
GfxDevice: creating device client; threaded=0
Direct3D:
    Version:  Direct3D 11.0 [level 11.1]
    Renderer: NVIDIA GeForce GTX 1050 Ti (ID=0x1c8c)
    Vendor:   
    VRAM:     4018 MB
    Driver:   27.21.14.5749
Initialize mono
Mono path[0] = 'C:/Program Files/Unity/Hub/Editor/2020.3.11f1/Editor/Data/Managed'
Mono path[1] = 'C:/Program Files/Unity/Hub/Editor/2020.3.11f1/Editor/Data/MonoBleedingEdge/lib/mono/unityjit'
Mono config path = 'C:/Program Files/Unity/Hub/Editor/2020.3.11f1/Editor/Data/MonoBleedingEdge/etc'
Using monoOptions --debugger-agent=transport=dt_socket,embedding=1,server=y,suspend=n,address=127.0.0.1:56432
Begin MonoManager ReloadAssembly
Registering precompiled unity dll's ...
Register platform support module: C:/Program Files/Unity/Hub/Editor/2020.3.11f1/Editor/Data/PlaybackEngines/WindowsStandaloneSupport/UnityEditor.WindowsStandalone.Extensions.dll
Registered in 0.001562 seconds.
Native extension for WindowsStandalone target not found
Refreshing native plugins compatible for Editor in 36.57 ms, found 3 plugins.
Preloading 0 native plugins for Editor in 0.00 ms.
Mono: successfully reloaded assembly
- Completed reload, in  2.306 seconds
Platform modules already initialized, skipping
Registering precompiled user dll's ...
Registered in 0.002539 seconds.
Begin MonoManager ReloadAssembly
Native extension for WindowsStandalone target not found
Refreshing native plugins compatible for Editor in 35.26 ms, found 3 plugins.
Preloading 0 native plugins for Editor in 0.00 ms.
Mono: successfully reloaded assembly
- Completed reload, in  1.197 seconds
Platform modules already initialized, skipping
========================================================================
Worker process is ready to serve import requests
Launched and connected shader compiler UnityShaderCompiler.exe after 0.05 seconds
Refreshing native plugins compatible for Editor in 0.40 ms, found 3 plugins.
Preloading 0 native plugins for Editor in 0.00 ms.
Unloading 2128 Unused Serialized files (Serialized files now loaded: 0)
System memory in use before: 94.3 MB.
System memory in use after: 94.2 MB.

Unloading 35 unused Assets to reduce memory usage. Loaded Objects now: 2566.
Total: 2.053600 ms (FindLiveObjects: 0.163400 ms CreateObjectMapping: 0.070700 ms MarkObjects: 1.710500 ms  DeleteObjects: 0.108100 ms)

========================================================================
Received Import Request.
  path: Assets/AnimatorReload.controller
  artifactKey: Guid(ca4c4b9c306c2a848b8efc27301e40f1) Importer(815301076,1909f56bfc062723c751e8b465ee728b)
Start importing Assets/AnimatorReload.controller using Guid(ca4c4b9c306c2a848b8efc27301e40f1) Importer(815301076,1909f56bfc062723c751e8b465ee728b)  -> (artifact id: '586ba305993955632aac03059bbd491d') in 0.025212 seconds
  Import took 0.028044 seconds .

========================================================================
Received Import Request.
  Time since last request: 88.295722 seconds.
  path: Assets/Project/Game/Scenes/Prefabs/MainPers.prefab
  artifactKey: Guid(9a3e62400e0e0764ab5c80e44186f1c1) Importer(815301076,1909f56bfc062723c751e8b465ee728b)
Start importing Assets/Project/Game/Scenes/Prefabs/MainPers.prefab using Guid(9a3e62400e0e0764ab5c80e44186f1c1) Importer(815301076,1909f56bfc062723c751e8b465ee728b)  -> (artifact id: '8ce07084b9b7daeb8c006cd060dff46c') in 0.101258 seconds
  Import took 0.104785 seconds .

========================================================================
Received Prepare
Registering precompiled user dll's ...
Registered in 0.002482 seconds.
Begin MonoManager ReloadAssembly
Native extension for WindowsStandalone target not found
Refreshing native plugins compatible for Editor in 0.48 ms, found 3 plugins.
Preloading 0 native plugins for Editor in 0.00 ms.
Mono: successfully reloaded assembly
- Completed reload, in  1.145 seconds
Platform modules already initialized, skipping
Refreshing native plugins compatible for Editor in 0.45 ms, found 3 plugins.
Preloading 0 native plugins for Editor in 0.00 ms.
Unloading 2123 Unused Serialized files (Serialized files now loaded: 0)
System memory in use before: 97.3 MB.
System memory in use after: 97.3 MB.

Unloading 25 unused Assets to reduce memory usage. Loaded Objects now: 2579.
Total: 2.051400 ms (FindLiveObjects: 0.191200 ms CreateObjectMapping: 0.074700 ms MarkObjects: 1.688400 ms  DeleteObjects: 0.095900 ms)

========================================================================
Received Prepare
Registering precompiled user dll's ...
Registered in 0.002467 seconds.
Begin MonoManager ReloadAssembly
Native extension for WindowsStandalone target not found
Refreshing native plugins compatible for Editor in 0.45 ms, found 3 plugins.
Preloading 0 native plugins for Editor in 0.00 ms.
Mono: successfully reloaded assembly
- Completed reload, in  1.133 seconds
Platform modules already initialized, skipping
Refreshing native plugins compatible for Editor in 1.44 ms, found 3 plugins.
Preloading 0 native plugins for Editor in 0.00 ms.
Unloading 2123 Unused Serialized files (Serialized files now loaded: 0)
System memory in use before: 97.4 MB.
System memory in use after: 97.3 MB.

Unloading 23 unused Assets to reduce memory usage. Loaded Objects now: 2583.
Total: 2.211300 ms (FindLiveObjects: 0.199500 ms CreateObjectMapping: 0.068000 ms MarkObjects: 1.853300 ms  DeleteObjects: 0.089200 ms)

========================================================================
Received Prepare
Registering precompiled user dll's ...
Registered in 0.003569 seconds.
Begin MonoManager ReloadAssembly
Native extension for WindowsStandalone target not found
Refreshing native plugins compatible for Editor in 0.43 ms, found 3 plugins.
Preloading 0 native plugins for Editor in 0.00 ms.
Mono: successfully reloaded assembly
- Completed reload, in  1.143 seconds
Platform modules already initialized, skipping
Refreshing native plugins compatible for Editor in 0.41 ms, found 3 plugins.
Preloading 0 native plugins for Editor in 0.00 ms.
Unloading 2123 Unused Serialized files (Serialized files now loaded: 0)
System memory in use before: 97.4 MB.
System memory in use after: 97.4 MB.

Unloading 23 unused Assets to reduce memory usage. Loaded Objects now: 2587.
Total: 1.997000 ms (FindLiveObjects: 0.165900 ms CreateObjectMapping: 0.072000 ms MarkObjects: 1.671800 ms  DeleteObjects: 0.086400 ms)

========================================================================
Received Prepare
Registering precompiled user dll's ...
Registered in 0.002494 seconds.
Begin MonoManager ReloadAssembly
Native extension for WindowsStandalone target not found
Refreshing native plugins compatible for Editor in 0.43 ms, found 3 plugins.
Preloading 0 native plugins for Editor in 0.00 ms.
Mono: successfully reloaded assembly
- Completed reload, in  4.035 seconds
Platform modules already initialized, skipping
Refreshing native plugins compatible for Editor in 0.44 ms, found 3 plugins.
Preloading 0 native plugins for Editor in 0.00 ms.
Unloading 2123 Unused Serialized files (Serialized files now loaded: 0)
System memory in use before: 97.4 MB.
System memory in use after: 97.4 MB.

Unloading 23 unused Assets to reduce memory usage. Loaded Objects now: 2591.
Total: 2.675900 ms (FindLiveObjects: 0.204200 ms CreateObjectMapping: 0.079200 ms MarkObjects: 2.209000 ms  DeleteObjects: 0.182400 ms)

========================================================================
Received Prepare
Registering precompiled user dll's ...
Registered in 0.002487 seconds.
Begin MonoManager ReloadAssembly
Native extension for WindowsStandalone target not found
Refreshing native plugins compatible for Editor in 1.44 ms, found 3 plugins.
Preloading 0 native plugins for Editor in 0.00 ms.
Mono: successfully reloaded assembly
- Completed reload, in  1.205 seconds
Platform modules already initialized, skipping
Refreshing native plugins compatible for Editor in 0.43 ms, found 3 plugins.
Preloading 0 native plugins for Editor in 0.00 ms.
Unloading 2123 Unused Serialized files (Serialized files now loaded: 0)
System memory in use before: 97.4 MB.
System memory in use after: 97.4 MB.

Unloading 23 unused Assets to reduce memory usage. Loaded Objects now: 2595.
Total: 2.024600 ms (FindLiveObjects: 0.169400 ms CreateObjectMapping: 0.072300 ms MarkObjects: 1.688300 ms  DeleteObjects: 0.093600 ms)

========================================================================
Received Prepare
Registering precompiled user dll's ...
Registered in 0.002760 seconds.
Begin MonoManager ReloadAssembly
Native extension for WindowsStandalone target not found
Refreshing native plugins compatible for Editor in 0.43 ms, found 3 plugins.
Preloading 0 native plugins for Editor in 0.00 ms.
Mono: successfully reloaded assembly
- Completed reload, in  1.080 seconds
Platform modules already initialized, skipping
Refreshing native plugins compatible for Editor in 0.42 ms, found 3 plugins.
Preloading 0 native plugins for Editor in 0.00 ms.
Unloading 2123 Unused Serialized files (Serialized files now loaded: 0)
System memory in use before: 97.4 MB.
System memory in use after: 97.4 MB.

Unloading 23 unused Assets to reduce memory usage. Loaded Objects now: 2599.
Total: 2.300800 ms (FindLiveObjects: 0.178100 ms CreateObjectMapping: 0.075700 ms MarkObjects: 1.946500 ms  DeleteObjects: 0.099500 ms)

========================================================================
Received Prepare
Registering precompiled user dll's ...
Registered in 0.002499 seconds.
Begin MonoManager ReloadAssembly
Native extension for WindowsStandalone target not found
Refreshing native plugins compatible for Editor in 0.42 ms, found 3 plugins.
Preloading 0 native plugins for Editor in 0.00 ms.
Mono: successfully reloaded assembly
- Completed reload, in  1.076 seconds
Platform modules already initialized, skipping
Refreshing native plugins compatible for Editor in 0.41 ms, found 3 plugins.
Preloading 0 native plugins for Editor in 0.00 ms.
Unloading 2123 Unused Serialized files (Serialized files now loaded: 0)
System memory in use before: 97.4 MB.
System memory in use after: 97.4 MB.

Unloading 23 unused Assets to reduce memory usage. Loaded Objects now: 2603.
Total: 1.995300 ms (FindLiveObjects: 0.159800 ms CreateObjectMapping: 0.067400 ms MarkObjects: 1.677100 ms  DeleteObjects: 0.090300 ms)

========================================================================
Received Prepare
Registering precompiled user dll's ...
Registered in 0.002476 seconds.
Begin MonoManager ReloadAssembly
Native extension for WindowsStandalone target not found
Refreshing native plugins compatible for Editor in 0.44 ms, found 3 plugins.
Preloading 0 native plugins for Editor in 0.00 ms.
Mono: successfully reloaded assembly
- Completed reload, in  2.070 seconds
Platform modules already initialized, skipping
Refreshing native plugins compatible for Editor in 0.41 ms, found 3 plugins.
Preloading 0 native plugins for Editor in 0.00 ms.
Unloading 2123 Unused Serialized files (Serialized files now loaded: 0)
System memory in use before: 97.4 MB.
System memory in use after: 97.4 MB.

Unloading 23 unused Assets to reduce memory usage. Loaded Objects now: 2607.
Total: 7.849300 ms (FindLiveObjects: 0.564000 ms CreateObjectMapping: 0.302300 ms MarkObjects: 6.643000 ms  DeleteObjects: 0.336700 ms)

========================================================================
Received Prepare
Registering precompiled user dll's ...
Registered in 0.010768 seconds.
Begin MonoManager ReloadAssembly
Native extension for WindowsStandalone target not found
Refreshing native plugins compatible for Editor in 0.41 ms, found 3 plugins.
Preloading 0 native plugins for Editor in 0.00 ms.
Mono: successfully reloaded assembly
- Completed reload, in  1.334 seconds
Platform modules already initialized, skipping
Refreshing native plugins compatible for Editor in 0.42 ms, found 3 plugins.
Preloading 0 native plugins for Editor in 0.00 ms.
Unloading 2123 Unused Serialized files (Serialized files now loaded: 0)
System memory in use before: 97.4 MB.
System memory in use after: 97.4 MB.

Unloading 23 unused Assets to reduce memory usage. Loaded Objects now: 2611.
Total: 2.041100 ms (FindLiveObjects: 0.153800 ms CreateObjectMapping: 0.061200 ms MarkObjects: 1.733900 ms  DeleteObjects: 0.091300 ms)

========================================================================
Received Prepare
Registering precompiled user dll's ...
Registered in 0.002469 seconds.
Begin MonoManager ReloadAssembly
Native extension for WindowsStandalone target not found
Refreshing native plugins compatible for Editor in 0.42 ms, found 3 plugins.
Preloading 0 native plugins for Editor in 0.00 ms.
Mono: successfully reloaded assembly
- Completed reload, in  1.141 seconds
Platform modules already initialized, skipping
Refreshing native plugins compatible for Editor in 0.42 ms, found 3 plugins.
Preloading 0 native plugins for Editor in 0.00 ms.
Unloading 2123 Unused Serialized files (Serialized files now loaded: 0)
System memory in use before: 97.5 MB.
System memory in use after: 97.4 MB.

Unloading 23 unused Assets to reduce memory usage. Loaded Objects now: 2615.
Total: 2.008900 ms (FindLiveObjects: 0.160900 ms CreateObjectMapping: 0.064300 ms MarkObjects: 1.688900 ms  DeleteObjects: 0.094000 ms)

========================================================================
Received Prepare
Registering precompiled user dll's ...
Registered in 0.002488 seconds.
Begin MonoManager ReloadAssembly
Native extension for WindowsStandalone target not found
Refreshing native plugins compatible for Editor in 0.42 ms, found 3 plugins.
Preloading 0 native plugins for Editor in 0.00 ms.
Mono: successfully reloaded assembly
- Completed reload, in  1.041 seconds
Platform modules already initialized, skipping
Refreshing native plugins compatible for Editor in 1.41 ms, found 3 plugins.
Preloading 0 native plugins for Editor in 0.00 ms.
Unloading 2123 Unused Serialized files (Serialized files now loaded: 0)
System memory in use before: 97.5 MB.
System memory in use after: 97.4 MB.

Unloading 23 unused Assets to reduce memory usage. Loaded Objects now: 2619.
Total: 3.066300 ms (FindLiveObjects: 0.205100 ms CreateObjectMapping: 0.076300 ms MarkObjects: 2.642300 ms  DeleteObjects: 0.141300 ms)

========================================================================
Received Import Request.
  Time since last request: 563.318481 seconds.
  path: Assets/AnimatorReload.controller
  artifactKey: Guid(ca4c4b9c306c2a848b8efc27301e40f1) Importer(815301076,1909f56bfc062723c751e8b465ee728b)
Start importing Assets/AnimatorReload.controller using Guid(ca4c4b9c306c2a848b8efc27301e40f1) Importer(815301076,1909f56bfc062723c751e8b465ee728b)  -> (artifact id: '8eaef4969ee37496208d6d4b45e94387') in 0.012706 seconds
  Import took 0.015965 seconds .

========================================================================
Received Import Request.
  Time since last request: 0.001050 seconds.
  path: Assets/AnimatorReload.controller
  artifactKey: Guid(ca4c4b9c306c2a848b8efc27301e40f1) Importer(815301076,1909f56bfc062723c751e8b465ee728b)
Start importing Assets/AnimatorReload.controller using Guid(ca4c4b9c306c2a848b8efc27301e40f1) Importer(815301076,1909f56bfc062723c751e8b465ee728b)  -> (artifact id: '8eaef4969ee37496208d6d4b45e94387') in 0.002484 seconds
  Import took 0.005697 seconds .

========================================================================
Received Import Request.
  Time since last request: 12994.651288 seconds.
  path: Assets/Project/Core/ITypeSpawnUnitSystem.cs
  artifactKey: Guid(9154da5ed07646f0b1efef0801de8c34) Importer(815301076,1909f56bfc062723c751e8b465ee728b)
Start importing Assets/Project/Core/ITypeSpawnUnitSystem.cs using Guid(9154da5ed07646f0b1efef0801de8c34) Importer(815301076,1909f56bfc062723c751e8b465ee728b)  -> (artifact id: '913a69d1f01cde5c065bfc627de6bd54') in 0.031236 seconds
  Import took 0.048576 seconds .

========================================================================
Received Import Request.
  Time since last request: 3.221407 seconds.
  path: Assets/Project/Core/TypeSpawnUnitSystem.cs
  artifactKey: Guid(7a45c8ffe03448acb2ef5c2e8b85607e) Importer(815301076,1909f56bfc062723c751e8b465ee728b)
Start importing Assets/Project/Core/TypeSpawnUnitSystem.cs using Guid(7a45c8ffe03448acb2ef5c2e8b85607e) Importer(815301076,1909f56bfc062723c751e8b465ee728b)  -> (artifact id: '6245535eb814a9b765d437c39fc387a7') in 0.023646 seconds
  Import took 0.042060 seconds .

========================================================================
Received Prepare
Registering precompiled user dll's ...
Registered in 0.440738 seconds.
Begin MonoManager ReloadAssembly
Native extension for WindowsStandalone target not found
Refreshing native plugins compatible for Editor in 0.45 ms, found 3 plugins.
Preloading 0 native plugins for Editor in 0.00 ms.
Mono: successfully reloaded assembly
- Completed reload, in  2.088 seconds
Platform modules already initialized, skipping
Refreshing native plugins compatible for Editor in 1.40 ms, found 3 plugins.
Preloading 0 native plugins for Editor in 0.00 ms.
Unloading 2123 Unused Serialized files (Serialized files now loaded: 0)
System memory in use before: 97.5 MB.
System memory in use after: 97.5 MB.

Unloading 23 unused Assets to reduce memory usage. Loaded Objects now: 2623.
Total: 8.325300 ms (FindLiveObjects: 0.592800 ms CreateObjectMapping: 0.308900 ms MarkObjects: 7.043100 ms  DeleteObjects: 0.376700 ms)

========================================================================
Received Import Request.
  Time since last request: 146.042642 seconds.
  path: Assets/Project/Game/Scenes/Prefabs/Boolet/Materials
  artifactKey: Guid(692b88e66b0989549be9169eeb35a502) Importer(815301076,1909f56bfc062723c751e8b465ee728b)
Start importing Assets/Project/Game/Scenes/Prefabs/Boolet/Materials using Guid(692b88e66b0989549be9169eeb35a502) Importer(815301076,1909f56bfc062723c751e8b465ee728b)  -> (artifact id: '9b6c37daa54d967d38aea8ae8c659bd5') in 0.016594 seconds
  Import took 0.023789 seconds .

========================================================================
Received Import Request.
  Time since last request: 20.696940 seconds.
  path: Assets/Project/Game/Scenes/Prefabs/Units
  artifactKey: Guid(ee6ac410e08420647a153906f4a806aa) Importer(815301076,1909f56bfc062723c751e8b465ee728b)
Start importing Assets/Project/Game/Scenes/Prefabs/Units using Guid(ee6ac410e08420647a153906f4a806aa) Importer(815301076,1909f56bfc062723c751e8b465ee728b)  -> (artifact id: '86e192eaa9b6a0ae5775600f89a4b8b4') in 0.024712 seconds
  Import took 0.035442 seconds .

========================================================================
Received Import Request.
  Time since last request: 6.305344 seconds.
  path: Assets/Project/Game/Scenes/Prefabs/DataGunsBots.asset
  artifactKey: Guid(faa969d01f98dc541878fefc79c960b1) Importer(815301076,1909f56bfc062723c751e8b465ee728b)
Start importing Assets/Project/Game/Scenes/Prefabs/DataGunsBots.asset using Guid(faa969d01f98dc541878fefc79c960b1) Importer(815301076,1909f56bfc062723c751e8b465ee728b)  -> (artifact id: '163f10454c23f741e1ae111d416fc5da') in 0.123277 seconds
  Import took 0.139309 seconds .

========================================================================
Received Import Request.
  Time since last request: 0.093395 seconds.
  path: Assets/Project/Game/Scenes/Prefabs/DataGunsBots.asset
  artifactKey: Guid(faa969d01f98dc541878fefc79c960b1) Importer(815301076,1909f56bfc062723c751e8b465ee728b)
Start importing Assets/Project/Game/Scenes/Prefabs/DataGunsBots.asset using Guid(faa969d01f98dc541878fefc79c960b1) Importer(815301076,1909f56bfc062723c751e8b465ee728b)  -> (artifact id: '163f10454c23f741e1ae111d416fc5da') in 0.012411 seconds
  Import took 0.028910 seconds .

========================================================================
Received Import Request.
  Time since last request: 20.645622 seconds.
  path: Assets/Project/Game/Scripts/UnitFolder/Units
  artifactKey: Guid(2f1c7b08e3114f4eb99ce1d41569cca3) Importer(815301076,1909f56bfc062723c751e8b465ee728b)
Start importing Assets/Project/Game/Scripts/UnitFolder/Units using Guid(2f1c7b08e3114f4eb99ce1d41569cca3) Importer(815301076,1909f56bfc062723c751e8b465ee728b)  -> (artifact id: '2502a95aae50d8808857d38f4bff8c73') in 0.003955 seconds
  Import took 0.014752 seconds .

========================================================================
Received Import Request.
  Time since last request: 0.002186 seconds.
  path: Assets/Project/Game/Scripts/UnitFolder/Units
  artifactKey: Guid(2f1c7b08e3114f4eb99ce1d41569cca3) Importer(815301076,1909f56bfc062723c751e8b465ee728b)
Start importing Assets/Project/Game/Scripts/UnitFolder/Units using Guid(2f1c7b08e3114f4eb99ce1d41569cca3) Importer(815301076,1909f56bfc062723c751e8b465ee728b)  -> (artifact id: '2502a95aae50d8808857d38f4bff8c73') in 0.001584 seconds
  Import took 0.005326 seconds .

========================================================================
Received Import Request.
  Time since last request: 8.883102 seconds.
  path: Assets/Project/Game/Scripts/UnitFolder/Units/Controller
  artifactKey: Guid(0568e2c2c3cef474f9b1ae928a52a670) Importer(815301076,1909f56bfc062723c751e8b465ee728b)
Start importing Assets/Project/Game/Scripts/UnitFolder/Units/Controller using Guid(0568e2c2c3cef474f9b1ae928a52a670) Importer(815301076,1909f56bfc062723c751e8b465ee728b)  -> (artifact id: 'de17e70c1aef5b0ac12cb16b931fb745') in 0.018954 seconds
  Import took 0.030398 seconds .

========================================================================
Received Import Request.
  Time since last request: 3.683734 seconds.
  path: Assets/Project/Game/Scripts/UnitFolder/ControlerBot.cs
  artifactKey: Guid(674062052d2b4639add6cffe8a0f6b93) Importer(815301076,1909f56bfc062723c751e8b465ee728b)
Start importing Assets/Project/Game/Scripts/UnitFolder/ControlerBot.cs using Guid(674062052d2b4639add6cffe8a0f6b93) Importer(815301076,1909f56bfc062723c751e8b465ee728b)  -> (artifact id: '7f6bc343c9a73e94ece99c707554f2c9') in 0.013020 seconds
  Import took 0.019800 seconds .

========================================================================
Received Import Request.
  Time since last request: 0.127721 seconds.
  path: Assets/Project/Game/Scripts/UnitFolder/ControlerBot.cs
  artifactKey: Guid(674062052d2b4639add6cffe8a0f6b93) Importer(815301076,1909f56bfc062723c751e8b465ee728b)
Start importing Assets/Project/Game/Scripts/UnitFolder/ControlerBot.cs using Guid(674062052d2b4639add6cffe8a0f6b93) Importer(815301076,1909f56bfc062723c751e8b465ee728b)  -> (artifact id: '7f6bc343c9a73e94ece99c707554f2c9') in 0.001658 seconds
  Import took 0.009035 seconds .

========================================================================
Received Prepare
Registering precompiled user dll's ...
Registered in 0.011202 seconds.
Begin MonoManager ReloadAssembly
Native extension for WindowsStandalone target not found
Refreshing native plugins compatible for Editor in 0.44 ms, found 3 plugins.
Preloading 0 native plugins for Editor in 0.00 ms.
Mono: successfully reloaded assembly
- Completed reload, in  2.502 seconds
Platform modules already initialized, skipping
Refreshing native plugins compatible for Editor in 1.42 ms, found 3 plugins.
Preloading 0 native plugins for Editor in 0.00 ms.
Unloading 2123 Unused Serialized files (Serialized files now loaded: 0)
System memory in use before: 97.5 MB.
System memory in use after: 97.5 MB.

Unloading 23 unused Assets to reduce memory usage. Loaded Objects now: 2627.
Total: 5.994300 ms (FindLiveObjects: 0.576000 ms CreateObjectMapping: 0.332500 ms MarkObjects: 4.977400 ms  DeleteObjects: 0.106000 ms)

========================================================================
Received Prepare
Registering precompiled user dll's ...
Registered in 0.005846 seconds.
Begin MonoManager ReloadAssembly
Native extension for WindowsStandalone target not found
Refreshing native plugins compatible for Editor in 1.40 ms, found 3 plugins.
Preloading 0 native plugins for Editor in 0.00 ms.
Mono: successfully reloaded assembly
- Completed reload, in  2.435 seconds
Platform modules already initialized, skipping
Refreshing native plugins compatible for Editor in 1.42 ms, found 3 plugins.
Preloading 0 native plugins for Editor in 0.00 ms.
Unloading 2123 Unused Serialized files (Serialized files now loaded: 0)
System memory in use before: 97.5 MB.
System memory in use after: 97.5 MB.

Unloading 23 unused Assets to reduce memory usage. Loaded Objects now: 2631.
Total: 2.079200 ms (FindLiveObjects: 0.173200 ms CreateObjectMapping: 0.069200 ms MarkObjects: 1.743200 ms  DeleteObjects: 0.092600 ms)

========================================================================
Received Prepare
Registering precompiled user dll's ...
Registered in 0.002384 seconds.
Begin MonoManager ReloadAssembly
Native extension for WindowsStandalone target not found
Refreshing native plugins compatible for Editor in 0.42 ms, found 3 plugins.
Preloading 0 native plugins for Editor in 0.00 ms.
Mono: successfully reloaded assembly
- Completed reload, in  2.688 seconds
Platform modules already initialized, skipping
Refreshing native plugins compatible for Editor in 1.56 ms, found 3 plugins.
Preloading 0 native plugins for Editor in 0.00 ms.
Unloading 2123 Unused Serialized files (Serialized files now loaded: 0)
System memory in use before: 97.5 MB.
System memory in use after: 97.5 MB.

Unloading 23 unused Assets to reduce memory usage. Loaded Objects now: 2635.
Total: 7.722300 ms (FindLiveObjects: 0.573500 ms CreateObjectMapping: 0.311600 ms MarkObjects: 6.459300 ms  DeleteObjects: 0.374500 ms)

========================================================================
Received Import Request.
  Time since last request: 78.493251 seconds.
  path: Assets/Project/Game/Scripts/UnitFolder/Spawn
  artifactKey: Guid(58f6122425504e8d9cfed2e76f8f9ded) Importer(815301076,1909f56bfc062723c751e8b465ee728b)
Start importing Assets/Project/Game/Scripts/UnitFolder/Spawn using Guid(58f6122425504e8d9cfed2e76f8f9ded) Importer(815301076,1909f56bfc062723c751e8b465ee728b)  -> (artifact id: '2a4a0f0782323a022103e5c6dfe15e7b') in 0.026740 seconds
  Import took 0.037290 seconds .

========================================================================
Received Import Request.
  Time since last request: 0.024472 seconds.
  path: Assets/Project/Game/Scripts/UnitFolder/Spawn
  artifactKey: Guid(58f6122425504e8d9cfed2e76f8f9ded) Importer(815301076,1909f56bfc062723c751e8b465ee728b)
Start importing Assets/Project/Game/Scripts/UnitFolder/Spawn using Guid(58f6122425504e8d9cfed2e76f8f9ded) Importer(815301076,1909f56bfc062723c751e8b465ee728b)  -> (artifact id: '2a4a0f0782323a022103e5c6dfe15e7b') in 0.005036 seconds
  Import took 0.017715 seconds .

========================================================================
Received Prepare
Registering precompiled user dll's ...
Registered in 0.003418 seconds.
Begin MonoManager ReloadAssembly
Native extension for WindowsStandalone target not found
Refreshing native plugins compatible for Editor in 0.43 ms, found 3 plugins.
Preloading 0 native plugins for Editor in 0.00 ms.
Mono: successfully reloaded assembly
- Completed reload, in  2.397 seconds
Platform modules already initialized, skipping
Refreshing native plugins compatible for Editor in 1.37 ms, found 3 plugins.
Preloading 0 native plugins for Editor in 0.00 ms.
Unloading 2123 Unused Serialized files (Serialized files now loaded: 0)
System memory in use before: 97.5 MB.
System memory in use after: 97.5 MB.

Unloading 23 unused Assets to reduce memory usage. Loaded Objects now: 2639.
Total: 2.055700 ms (FindLiveObjects: 0.180600 ms CreateObjectMapping: 0.073800 ms MarkObjects: 1.704500 ms  DeleteObjects: 0.095700 ms)

